c:\2年生課題\就活作品(シューティング)\library\directxtex\bin\win32\release\directxtex.pch
c:\2年生課題\就活作品(シューティング)\library\directxtex\bin\win32\release\directxtex.pdb
c:\2年生課題\就活作品(シューティング)\library\directxtex\bin\win32\release\directxtexutil.obj
c:\2年生課題\就活作品(シューティング)\library\directxtex\bin\win32\release\directxtexwic.obj
c:\2年生課題\就活作品(シューティング)\library\directxtex\bin\win32\release\directxtextga.obj
c:\2年生課題\就活作品(シューティング)\library\directxtex\bin\win32\release\directxtexresize.obj
c:\2年生課題\就活作品(シューティング)\library\directxtex\bin\win32\release\directxtexpmalpha.obj
c:\2年生課題\就活作品(シューティング)\library\directxtex\bin\win32\release\directxtexnormalmaps.obj
c:\2年生課題\就活作品(シューティング)\library\directxtex\bin\win32\release\directxtexmisc.obj
c:\2年生課題\就活作品(シューティング)\library\directxtex\bin\win32\release\directxtexmipmaps.obj
c:\2年生課題\就活作品(シューティング)\library\directxtex\bin\win32\release\directxteximage.obj
c:\2年生課題\就活作品(シューティング)\library\directxtex\bin\win32\release\directxtexhdr.obj
c:\2年生課題\就活作品(シューティング)\library\directxtex\bin\win32\release\directxtexfliprotate.obj
c:\2年生課題\就活作品(シューティング)\library\directxtex\bin\win32\release\directxtexdds.obj
c:\2年生課題\就活作品(シューティング)\library\directxtex\bin\win32\release\directxtexd3d11.obj
c:\2年生課題\就活作品(シューティング)\library\directxtex\bin\win32\release\directxtexconvert.obj
c:\2年生課題\就活作品(シューティング)\library\directxtex\bin\win32\release\directxtexcompressgpu.obj
c:\2年生課題\就活作品(シューティング)\library\directxtex\bin\win32\release\directxtexcompress.obj
c:\2年生課題\就活作品(シューティング)\library\directxtex\bin\win32\release\bcdirectcompute.obj
c:\2年生課題\就活作品(シューティング)\library\directxtex\bin\win32\release\bc6hbc7.obj
c:\2年生課題\就活作品(シューティング)\library\directxtex\bin\win32\release\bc4bc5.obj
c:\2年生課題\就活作品(シューティング)\library\directxtex\bin\win32\release\bc.obj
c:\2年生課題\就活作品(シューティング)\library\directxtex\lib\win32\release\directxtex.lib
c:\2年生課題\就活作品(シューティング)\library\directxtex\bin\win32\release\directxtex.tlog\cl.command.1.tlog
c:\2年生課題\就活作品(シューティング)\library\directxtex\bin\win32\release\directxtex.tlog\cl.read.1.tlog
c:\2年生課題\就活作品(シューティング)\library\directxtex\bin\win32\release\directxtex.tlog\cl.write.1.tlog
c:\2年生課題\就活作品(シューティング)\library\directxtex\bin\win32\release\directxtex.tlog\lib-link.read.1.tlog
c:\2年生課題\就活作品(シューティング)\library\directxtex\bin\win32\release\directxtex.tlog\lib-link.write.1.tlog
c:\2年生課題\就活作品(シューティング)\library\directxtex\bin\win32\release\directxtex.tlog\lib.command.1.tlog
